<?xml version="1.0" encoding="UTF-8"?>
<testng-results ignored="0" total="1" passed="1" failed="0" skipped="0">
  <reporter-output>
  </reporter-output>
  <suite started-at="2023-01-04T13:14:11 IST" name="Default suite" finished-at="2023-01-04T13:14:11 IST" duration-ms="56">
    <groups>
    </groups>
    <test started-at="2023-01-04T13:14:11 IST" name="Default test" finished-at="2023-01-04T13:14:11 IST" duration-ms="56">
      <class name="com.testng.tests.DemoTest">
        <test-method signature="sampleTest()[pri:0, instance:com.testng.tests.DemoTest@6d3a388c]" started-at="2023-01-04T13:14:11 IST" name="sampleTest" finished-at="2023-01-04T13:14:11 IST" duration-ms="9" status="PASS">
          <reporter-output>
          </reporter-output>
        </test-method> <!-- sampleTest -->
      </class> <!-- com.testng.tests.DemoTest -->
    </test> <!-- Default test -->
  </suite> <!-- Default suite -->
</testng-results>
